Mon Jun  3 14:00:13 PDT 2013
;; 1. Based on: run4
;; 2. Description: final model from scm
;; x1. Author: user
;; 3. Label:
$PROBLEM    PK
$INPUT      ID TIME DV AMT CMT MDV EVID WT CRCL AGE=DROP SEX CENT=DROP
$DATA pktab1 IGNORE=@ ;
$SUBROUTINE ADVAN3 TRANS4
$PK

;;; CLCRCL-DEFINITION START
IF(CRCL.LE.88.14) CLCRCL = ( 1 + THETA(8)*(CRCL - 88.14))
IF(CRCL.GT.88.14) CLCRCL = ( 1 + THETA(9)*(CRCL - 88.14))
;;; CLCRCL-DEFINITION END


;;; V1WT-DEFINITION START
V1WT = ( 1 + THETA(7)*(WT - 66.50))
;;; V1WT-DEFINITION END


;;; V1SEX-DEFINITION START
IF(SEX.EQ.1.0000E+00) V1SEX = 1  ; Most common
IF(SEX.EQ.0.0000E+00) V1SEX = ( 1 + THETA(6))
;;; V1SEX-DEFINITION END

;;; V1-RELATION START
V1COV=V1SEX*V1WT
;;; V1-RELATION END


;;; CLWT-DEFINITION START
CLWT = ( 1 + THETA(5)*(WT - 66.50))
;;; CLWT-DEFINITION END

;;; CL-RELATION START
CLCOV=CLWT*CLCRCL
;;; CL-RELATION END


TVCL = THETA(1)

TVCL = CLCOV*TVCL
CL = TVCL * EXP(ETA(1))
TVV1 = THETA(2)

TVV1 = V1COV*TVV1
V1 = TVV1 * EXP(ETA(2))
Q  = THETA(3)
V2 = THETA(4)
S1 = V1/1000

$ERROR

IPRED = F
Y = IPRED *(1+EPS(2))+ EPS(1)
PROP = SIGMA(2,2)
ADD = SIGMA(1,1)
W = SQRT(PROP**2*IPRED**2 + ADD**2)
IRES = DV-IPRED
IWRES = IRES/W

$THETA  (0,5) ; CL
(0,97.2) ; V
(0,7.47,100) ; Q
(0,106,500) ; V2
$THETA  (-0.011,0.00977,0.030) ; CLWT1
$THETA  (-1,-0.16,5) ; V1SEX1
$THETA  (-0.011,0.0142,0.030) ; V1WT1
$THETA  (-1000000,0.0178,0.045) ; CLCRCL1
(-0.038,0.00231,1000000) ; CLCRCL2
$OMEGA  BLOCK(2)
0.0448  ;     IIV CL
0 0.0512  ;     IIV V2
$SIGMA  1410  ; PAdditive error PK
0.00753  ; Proportional error PK
$ESTIMATION METHOD=1 INTER MAXEVAL=2000 NOABORT SIG=3 PRINT=1 POSTHOC

; Xpose
$TABLE ID TIME DV MDV EVID IPRED IWRES ONEHEADER NOPRINT FILE=sdtab5
$TABLE CL V1 ONEHEADER NOPRINT FILE=patab5


NM-TRAN MESSAGES
  
 WARNINGS AND ERRORS (IF ANY) FOR PROBLEM    1
             
 (WARNING  2) NM-TRAN INFERS THAT THE DATA ARE POPULATION.
             
 (WARNING  79) SIGMA IS USED ON THE RIGHT. WITH A SUBSEQUENT RUN, IF AN
 INITIAL ESTIMATE OF A DIAGONAL BLOCK OF SIGMA IS TO BE COMPUTED BY
 NONMEM, THAT BLOCK WILL BE SET TO AN IDENTITY MATRIX DURING THAT
 COMPUTATION. THIS COULD LEAD TO AN ARITHMETIC EXCEPTION.*

 * THE MAXIMUM NUMBER OF WARNINGS OF ONE OR MORE TYPES WAS REACHED.
 IT IS POSSIBLE THAT SOME WARNING MESSAGES WERE SUPPRESSED.
 CREATING MUMODEL ROUTINE...

License Registered to: Uppsala University
Expiration Date:    14 MAR 2014
Current Date:        3 JUN 2013
Days until program expires : 286
1NONLINEAR MIXED EFFECTS MODEL PROGRAM (NONMEM) VERSION 7.2.0
 ORIGINALLY DEVELOPED BY STUART BEAL, LEWIS SHEINER, AND ALISON BOECKMANN
 CURRENT DEVELOPERS ARE ROBERT BAUER, ICON DEVELOPMENT SOLUTIONS,
 AND ALISON BOECKMANN. IMPLEMENTATION, EFFICIENCY, AND STANDARDIZATION
 PERFORMED BY NOUS INFOSYSTEMS.

 PROBLEM NO.:         1
 PK
0DATA CHECKOUT RUN:              NO
 DATA SET LOCATED ON UNIT NO.:    2
 THIS UNIT TO BE REWOUND:        NO
 NO. OF DATA RECS IN DATA SET:     1300
 NO. OF DATA ITEMS IN DATA SET:  10
 ID DATA ITEM IS DATA ITEM NO.:   1
 DEP VARIABLE IS DATA ITEM NO.:   3
 MDV DATA ITEM IS DATA ITEM NO.:  6
0INDICES PASSED TO SUBROUTINE PRED:
   7   2   4   0   0   0   5   0   0   0   0
0LABELS FOR DATA ITEMS:
 ID TIME DV AMT CMT MDV EVID WT CRCL SEX
0(NONBLANK) LABELS FOR PRED-DEFINED ITEMS:
 CL V1 IPRED IWRES
0FORMAT FOR DATA:
 (7E10.0/3E10.0)

 TOT. NO. OF OBS RECS:     1100
 TOT. NO. OF INDIVIDUALS:    100
0LENGTH OF THETA:   9
0DEFAULT THETA BOUNDARY TEST OMITTED:    NO
0OMEGA HAS BLOCK FORM:
  1
  1  1
0DEFAULT OMEGA BOUNDARY TEST OMITTED:    NO
0SIGMA HAS SIMPLE DIAGONAL FORM WITH DIMENSION:   2
0DEFAULT SIGMA BOUNDARY TEST OMITTED:    NO
0INITIAL ESTIMATE OF THETA:
 LOWER BOUND    INITIAL EST    UPPER BOUND
  0.0000E+00     0.5000E+01     0.1000E+07
  0.0000E+00     0.9720E+02     0.1000E+07
  0.0000E+00     0.7470E+01     0.1000E+03
  0.0000E+00     0.1060E+03     0.5000E+03
 -0.1100E-01     0.9770E-02     0.3000E-01
 -0.1000E+01    -0.1600E+00     0.5000E+01
 -0.1100E-01     0.1420E-01     0.3000E-01
 -0.1000E+07     0.1780E-01     0.4500E-01
 -0.3800E-01     0.2310E-02     0.1000E+07
0INITIAL ESTIMATE OF OMEGA:
 BLOCK SET NO.   BLOCK                                                                    FIXED
        1                                                                                   NO
                  0.4480E-01
                  0.0000E+00   0.5120E-01
0INITIAL ESTIMATE OF SIGMA:
 0.1410E+04
 0.0000E+00   0.7530E-02
0ESTIMATION STEP OMITTED:           NO
 CONDITIONAL ESTIMATES USED:       YES
 CENTERED ETA:                      NO
 EPS-ETA INTERACTION:              YES
 LAPLACIAN OBJ. FUNC.:              NO
 NO. OF FUNCT. EVALS. ALLOWED:       2000
 NO. OF SIG. FIGURES REQUIRED:       3
 INTERMEDIATE PRINTOUT:            YES
 ESTIMATE OUTPUT TO MSF:            NO
 ABORT WITH PRED EXIT CODE 1:       NO
 IND. OBJ. FUNC. VALUES SORTED:     NO
0TABLES STEP OMITTED:    NO
 NO. OF TABLES:           2
0-- TABLE   1 --
 PRINTED:                NO
 HEADERS:               ONE
 FILE TO BE FORWARDED:   NO
0USER-CHOSEN ITEMS:
 ID TIME DV MDV EVID IPRED IWRES
0-- TABLE   2 --
 PRINTED:                NO
 HEADERS:               ONE
 FILE TO BE FORWARDED:   NO
0USER-CHOSEN ITEMS:
 CL V1

 THE FOLLOWING LABELS ARE EQUIVALENT
 PRED=PREDI
 RES=RESI
 WRES=WRESI
1DOUBLE PRECISION PREDPP VERSION 7.2.0

 TWO COMPARTMENT MODEL (ADVAN3)
0MAXIMUM NO. OF BASIC PK PARAMETERS:   4
0BASIC PK PARAMETERS (AFTER TRANSLATION):
   BASIC PK PARAMETER NO.  1: ELIMINATION RATE (K)
   BASIC PK PARAMETER NO.  2: CENTRAL-TO-PERIPH. RATE (K12)
   BASIC PK PARAMETER NO.  3: PERIPH.-TO-CENTRAL RATE (K21)
 TRANSLATOR WILL CONVERT PARAMETERS
 CL, V1, Q, V2 TO K, K12, K21 (TRANS4)
0COMPARTMENT ATTRIBUTES
 COMPT. NO.   FUNCTION   INITIAL    ON/OFF      DOSE      DEFAULT    DEFAULT
                         STATUS     ALLOWED    ALLOWED    FOR DOSE   FOR OBS.
    1         CENTRAL      ON         NO         YES        YES        YES
    2         PERIPH.      ON         NO         YES        NO         NO
    3         OUTPUT       OFF        YES        NO         NO         NO
1
 ADDITIONAL PK PARAMETERS - ASSIGNMENT OF ROWS IN GG
 COMPT. NO.                             INDICES
              SCALE      BIOAVAIL.   ZERO-ORDER  ZERO-ORDER  ABSORB
                         FRACTION    RATE        DURATION    LAG
    1           5           *           *           *           *
    2           *           *           *           *           *
    3           *           -           -           -           -
             - PARAMETER IS NOT ALLOWED FOR THIS MODEL
             * PARAMETER IS NOT SUPPLIED BY PK SUBROUTINE;
               WILL DEFAULT TO ONE IF APPLICABLE
0DATA ITEM INDICES USED BY PRED ARE:
   EVENT ID DATA ITEM IS DATA ITEM NO.:      7
   TIME DATA ITEM IS DATA ITEM NO.:          2
   DOSE AMOUNT DATA ITEM IS DATA ITEM NO.:   4
   COMPT. NO. DATA ITEM IS DATA ITEM NO.:    5

0PK SUBROUTINE CALLED WITH EVERY EVENT RECORD.
 PK SUBROUTINE NOT CALLED AT NONEVENT (ADDITIONAL OR LAGGED) DOSE TIMES.
0ERROR SUBROUTINE CALLED WITH EVERY EVENT RECORD.
1


 #TBLN:      1
 #METH: First Order Conditional Estimation with Interaction

 MONITORING OF SEARCH:


0ITERATION NO.:    0    OBJECTIVE VALUE:   10816.0379047047        NO. OF FUNC. EVALS.:  13
 CUMULATIVE NO. OF FUNC. EVALS.:       13
 NPARAMETR:  5.0000E+00  9.7200E+01  7.4700E+00  1.0600E+02  9.7700E-03 -1.6000E-01  1.4200E-02  1.7800E-02  2.3100E-03  4.4800E-02
             5.1200E-02  1.4100E+03  7.5300E-03
 PARAMETER:  1.0000E-01  1.0000E-01  1.0000E-01  1.0000E-01  1.0000E-01  1.0000E-01  1.0000E-01  1.0000E-01  1.0000E-01  1.0000E-01
             1.0000E-01  1.0000E-01  1.0000E-01
 GRADIENT:   2.3641E+01 -3.5552E-02  1.2838E+01  8.4428E+00 -1.4579E-01  2.5834E+00  1.3472E+00  2.1354E+00  3.8770E+00 -2.3938E+00
            -2.8340E+00  3.6133E+00 -2.2343E+00

0ITERATION NO.:    1    OBJECTIVE VALUE:   10815.9620664210        NO. OF FUNC. EVALS.:  16
 CUMULATIVE NO. OF FUNC. EVALS.:       29
 NPARAMETR:  4.9626E+00  9.7201E+01  7.4419E+00  1.0578E+02  9.7705E-03 -1.6059E-01  1.4196E-02  1.7782E-02  2.2605E-03  4.4868E-02
             5.1292E-02  1.4068E+03  7.5407E-03
 PARAMETER:  9.2500E-02  1.0001E-01  9.5927E-02  9.7322E-02  1.0005E-01  9.9180E-02  9.9573E-02  9.9323E-02  9.8770E-02  1.0076E-01
             1.0090E-01  9.8854E-02  1.0071E-01
 GRADIENT:  -9.9944E+00 -3.0591E+00 -4.8863E+00 -3.4995E+00  3.3410E-01  8.0639E-01  1.2095E+00  6.4432E+00 -2.3708E+00 -1.6366E+00
            -2.5335E+00  3.6092E+00 -1.0892E+00

0ITERATION NO.:    2    OBJECTIVE VALUE:   10815.9237705104        NO. OF FUNC. EVALS.:  17
 CUMULATIVE NO. OF FUNC. EVALS.:       46
 NPARAMETR:  4.9783E+00  9.7295E+01  7.4525E+00  1.0587E+02  9.7694E-03 -1.6077E-01  1.4192E-02  1.7726E-02  2.2905E-03  4.4914E-02
             5.1374E-02  1.4036E+03  7.5459E-03
 PARAMETER:  9.5644E-02  1.0097E-01  9.7464E-02  9.8422E-02  9.9941E-02  9.8927E-02  9.9192E-02  9.7296E-02  9.9516E-02  1.0127E-01
             1.0170E-01  9.7719E-02  1.0105E-01
 GRADIENT:   5.3603E+00  9.4065E-01  2.2225E+00  2.0220E+00 -1.6951E-01  2.0633E+00  8.9503E-01  4.1041E+00  3.1815E-01 -1.6136E+00
            -2.2133E+00  2.8189E+00 -1.7285E+00

0ITERATION NO.:    3    OBJECTIVE VALUE:   10815.8523687212        NO. OF FUNC. EVALS.:  15
 CUMULATIVE NO. OF FUNC. EVALS.:       61
 NPARAMETR:  4.9670E+00  9.7372E+01  7.4507E+00  1.0578E+02  9.7700E-03 -1.6446E-01  1.4163E-02  1.7325E-02  2.3505E-03  4.5358E-02
             5.2099E-02  1.3778E+03  7.6166E-03
 PARAMETER:  9.3387E-02  1.0177E-01  9.7206E-02  9.7324E-02  9.9996E-02  9.3810E-02  9.6188E-02  8.2702E-02  1.0100E-01  1.0619E-01
             1.0871E-01  8.8439E-02  1.0572E-01
 GRADIENT:   3.4647E+00 -3.4172E+00  3.6773E-01  1.9003E+00 -1.7314E+00 -3.8911E+00 -9.1892E-01  2.1310E+00 -8.3896E-01  1.3583E-01
             3.4554E-01 -9.1502E-01 -8.9002E-01

0ITERATION NO.:    4    OBJECTIVE VALUE:   10815.8386638401        NO. OF FUNC. EVALS.:  16
 CUMULATIVE NO. OF FUNC. EVALS.:       77
 NPARAMETR:  4.9572E+00  9.7719E+01  7.4532E+00  1.0566E+02  9.7847E-03 -1.6303E-01  1.4162E-02  1.7153E-02  2.4078E-03  4.5475E-02
             5.2280E-02  1.3724E+03  7.6473E-03
 PARAMETER:  9.1412E-02  1.0532E-01  9.7568E-02  9.5976E-02  1.0143E-01  9.5802E-02  9.6084E-02  7.6499E-02  1.0242E-01  1.0748E-01
             1.1044E-01  8.6501E-02  1.0773E-01
 GRADIENT:  -1.5692E+00  1.2581E+01  2.9978E+00 -4.0363E-01 -1.7761E+00  3.6918E+00 -9.9701E-01  2.1669E+00 -1.5189E+00  7.2773E-01
             9.4990E-01 -9.1779E-01  5.5653E-01

0ITERATION NO.:    5    OBJECTIVE VALUE:   10815.8133441301        NO. OF FUNC. EVALS.:  15
 CUMULATIVE NO. OF FUNC. EVALS.:       92
 NPARAMETR:  4.9529E+00  9.7491E+01  7.4470E+00  1.0550E+02  9.8373E-03 -1.6012E-01  1.4181E-02  1.6832E-02  2.5938E-03  4.5515E-02
             5.2331E-02  1.3722E+03  7.6851E-03
 PARAMETER:  9.0545E-02  1.0299E-01  9.6666E-02  9.4039E-02  1.0657E-01  9.9830E-02  9.7993E-02  6.5024E-02  1.0702E-01  1.0791E-01
             1.1092E-01  8.6396E-02  1.1019E-01
 GRADIENT:   6.3713E-01  9.1763E+00 -7.5277E-01  1.0106E-01 -1.1325E+00  5.6013E+00  5.8024E-01  1.2703E+00  3.1655E-01  1.2194E+00
             1.1652E+00  6.9545E-01  4.3069E+00

0ITERATION NO.:    6    OBJECTIVE VALUE:   10815.8132577726        NO. OF FUNC. EVALS.:  15
 CUMULATIVE NO. OF FUNC. EVALS.:      107
 NPARAMETR:  4.9422E+00  9.7315E+01  7.4670E+00  1.0532E+02  9.8889E-03 -1.5893E-01  1.4188E-02  1.6556E-02  2.7143E-03  4.5432E-02
             5.2242E-02  1.3704E+03  7.6463E-03
 PARAMETER:  8.8363E-02  1.0118E-01  9.9569E-02  9.1894E-02  1.1160E-01  1.0148E-01  9.8769E-02  5.5271E-02  1.0998E-01  1.0700E-01
             1.1007E-01  8.5769E-02  1.0766E-01
 GRADIENT:  -3.0999E+00  6.2871E+00  1.0066E+01 -1.8165E+00 -5.8812E-01  5.7445E+00  1.2099E+00  1.2061E+00  7.0590E-01  1.0028E+00
             7.6495E-01 -1.4385E+00 -1.4558E-01

0ITERATION NO.:    7    OBJECTIVE VALUE:   10815.8018084487        NO. OF FUNC. EVALS.:  15
 CUMULATIVE NO. OF FUNC. EVALS.:      122
 NPARAMETR:  4.9400E+00  9.7392E+01  7.4544E+00  1.0525E+02  9.9357E-03 -1.5927E-01  1.4182E-02  1.6319E-02  2.7681E-03  4.5258E-02
             5.2065E-02  1.3718E+03  7.5929E-03
 PARAMETER:  8.7919E-02  1.0197E-01  9.7736E-02  9.1020E-02  1.1617E-01  1.0100E-01  9.8118E-02  4.6980E-02  1.1130E-01  1.0509E-01
             1.0838E-01  8.6285E-02  1.0416E-01
 GRADIENT:  -1.5869E+00  8.2006E+00  4.1636E+00 -1.0096E+00 -3.8204E-01  6.0439E+00  9.1760E-01  4.6486E-01  1.5964E+00  4.8267E-01
             1.4438E-01 -3.4837E+00 -4.9010E+00

0ITERATION NO.:    8    OBJECTIVE VALUE:   10815.7892977363        NO. OF FUNC. EVALS.:  15
 CUMULATIVE NO. OF FUNC. EVALS.:      137
 NPARAMETR:  4.9363E+00  9.7498E+01  7.4567E+00  1.0517E+02  9.9930E-03 -1.6131E-01  1.4164E-02  1.6053E-02  2.7420E-03  4.4999E-02
             5.1824E-02  1.3832E+03  7.5925E-03
 PARAMETER:  8.7183E-02  1.0306E-01  9.8068E-02  9.0030E-02  1.2177E-01  9.8182E-02  9.6337E-02  3.7763E-02  1.1066E-01  1.0222E-01
             1.0606E-01  9.0388E-02  1.0413E-01
 GRADIENT:  -2.0194E+00  8.6047E+00  5.8175E+00 -9.4649E-01 -4.6737E-01  3.8053E+00 -2.1968E-01 -2.5503E-01  1.6744E+00 -2.2676E-01
            -6.8464E-01 -4.1335E-01 -2.2824E+00

0ITERATION NO.:    9    OBJECTIVE VALUE:   10815.7714913822        NO. OF FUNC. EVALS.:  15
 CUMULATIVE NO. OF FUNC. EVALS.:      152
 NPARAMETR:  4.9490E+00  9.7421E+01  7.4558E+00  1.0499E+02  1.0144E-02 -1.6018E-01  1.4174E-02  1.5750E-02  2.1011E-03  4.4722E-02
             5.1952E-02  1.3840E+03  7.5881E-03
 PARAMETER:  8.9751E-02  1.0228E-01  9.7940E-02  8.7890E-02  1.3650E-01  9.9757E-02  9.7280E-02  2.7347E-02  9.4804E-02  9.9124E-02
             1.0729E-01  9.0682E-02  1.0384E-01
 GRADIENT:  -1.8344E+00  7.9630E+00  5.6725E+00 -3.1463E-01 -1.5072E+00  4.8432E+00  3.8317E-01 -1.2568E+00 -6.4437E-01 -8.5717E-01
            -2.6486E-01 -4.3633E-01 -2.5306E+00

0ITERATION NO.:   10    OBJECTIVE VALUE:   10815.7589952028        NO. OF FUNC. EVALS.:  15
 CUMULATIVE NO. OF FUNC. EVALS.:      167
 NPARAMETR:  4.9610E+00  9.7467E+01  7.4552E+00  1.0470E+02  1.0297E-02 -1.6105E-01  1.4169E-02  1.5657E-02  1.8266E-03  4.4745E-02
             5.2025E-02  1.3807E+03  7.5986E-03
 PARAMETER:  9.2171E-02  1.0274E-01  9.7851E-02  8.4394E-02  1.5142E-01  9.8543E-02  9.6799E-02  2.4167E-02  8.7935E-02  9.9384E-02
             1.0799E-01  8.9507E-02  1.0454E-01
 GRADIENT:  -1.3560E+00  8.1591E+00  5.5469E+00 -1.6966E+00  3.6421E-01  3.9940E+00 -2.9275E-02 -8.6198E-02  3.8034E-01 -3.8440E-01
            -2.4691E-02 -8.1232E-01 -2.2638E+00

0ITERATION NO.:   11    OBJECTIVE VALUE:   10815.7571189496        NO. OF FUNC. EVALS.:  15
 CUMULATIVE NO. OF FUNC. EVALS.:      182
 NPARAMETR:  4.9554E+00  9.7475E+01  7.4561E+00  1.0501E+02  1.0334E-02 -1.6112E-01  1.4171E-02  1.5642E-02  1.7709E-03  4.4922E-02
             5.1839E-02  1.3787E+03  7.6053E-03
 PARAMETER:  9.1049E-02  1.0283E-01  9.7990E-02  8.8121E-02  1.5506E-01  9.8445E-02  9.7000E-02  2.3642E-02  8.6536E-02  1.0136E-01
             1.0620E-01  8.8790E-02  1.0498E-01
 GRADIENT:  -1.5091E+00  8.0954E+00  5.5286E+00 -1.3185E+00  4.2544E-01  3.9777E+00  5.9105E-03 -9.3513E-02  2.8503E-01 -2.1722E-01
            -6.4156E-01 -1.0793E+00 -2.0748E+00

0ITERATION NO.:   12    OBJECTIVE VALUE:   10815.7566380588        NO. OF FUNC. EVALS.:  15
 CUMULATIVE NO. OF FUNC. EVALS.:      197
 NPARAMETR:  4.9529E+00  9.7478E+01  7.4564E+00  1.0514E+02  1.0346E-02 -1.6115E-01  1.4171E-02  1.5641E-02  1.7646E-03  4.4989E-02
             5.1940E-02  1.3806E+03  7.5991E-03
 PARAMETER:  9.0540E-02  1.0285E-01  9.8030E-02  8.9634E-02  1.5627E-01  9.8402E-02  9.7046E-02  2.3611E-02  8.6377E-02  1.0210E-01
             1.0718E-01  8.9462E-02  1.0456E-01
 GRADIENT:  -1.5733E+00  8.0406E+00  5.4950E+00 -1.1797E+00  4.9576E-01  3.9404E+00  1.1143E-02 -6.5827E-02  3.2922E-01 -1.6882E-01
            -2.7623E-01 -8.5807E-01 -2.1937E+00

0ITERATION NO.:   13    OBJECTIVE VALUE:   10815.7534021575        NO. OF FUNC. EVALS.:  14
 CUMULATIVE NO. OF FUNC. EVALS.:      211
 NPARAMETR:  4.9548E+00  9.7412E+01  7.4546E+00  1.0513E+02  1.0331E-02 -1.6080E-01  1.4156E-02  1.5679E-02  1.7517E-03  4.5158E-02
             5.1911E-02  1.3825E+03  7.5961E-03
 PARAMETER:  9.0926E-02  1.0218E-01  9.7769E-02  8.9507E-02  1.5474E-01  9.8892E-02  9.5465E-02  2.4903E-02  8.6052E-02  1.0398E-01
             1.0690E-01  9.0143E-02  1.0437E-01
 GRADIENT:  -1.1528E+00  6.3880E+00  4.3805E+00 -1.1397E+00  2.8607E-01  3.2129E+00 -1.2776E-01 -1.2931E-01  1.5042E-01  4.0706E-01
            -3.6323E-01 -4.6040E-01 -1.9011E+00

0ITERATION NO.:   14    OBJECTIVE VALUE:   10815.7495344308        NO. OF FUNC. EVALS.:  14
 CUMULATIVE NO. OF FUNC. EVALS.:      225
 NPARAMETR:  4.9546E+00  9.7353E+01  7.4528E+00  1.0521E+02  1.0317E-02 -1.6065E-01  1.4145E-02  1.5740E-02  1.7648E-03  4.5064E-02
             5.1957E-02  1.3810E+03  7.6065E-03
 PARAMETER:  9.0870E-02  1.0158E-01  9.7502E-02  9.0519E-02  1.5345E-01  9.9094E-02  9.4338E-02  2.6989E-02  8.6383E-02  1.0293E-01
             1.0734E-01  8.9597E-02  1.0505E-01
 GRADIENT:  -8.4126E-01  4.3739E+00  3.0266E+00 -6.8064E-01  2.5512E-01  2.2768E+00 -2.2518E-01 -4.5569E-02  1.5796E-01  2.2189E-02
            -1.8995E-01 -4.2753E-01 -1.2431E+00

0ITERATION NO.:   15    OBJECTIVE VALUE:   10815.7451731711        NO. OF FUNC. EVALS.:  14
 CUMULATIVE NO. OF FUNC. EVALS.:      239
 NPARAMETR:  4.9565E+00  9.7504E+01  7.4504E+00  1.0520E+02  1.0294E-02 -1.6394E-01  1.4235E-02  1.5792E-02  1.7700E-03  4.5127E-02
             5.1962E-02  1.3816E+03  7.6098E-03
 PARAMETER:  9.1253E-02  1.0313E-01  9.7154E-02  9.0409E-02  1.5116E-01  9.4537E-02  1.0360E-01  2.8788E-02  8.6514E-02  1.0364E-01
             1.0739E-01  8.9834E-02  1.0527E-01
 GRADIENT:  -3.2459E-01  2.1529E+00  1.4164E+00 -4.3062E-01  5.1721E-02  7.4502E-01  5.8866E-01 -8.6039E-02  3.7765E-02  2.6343E-01
            -1.5736E-01 -9.3982E-02 -6.5068E-01

0ITERATION NO.:   16    OBJECTIVE VALUE:   10815.7448991968        NO. OF FUNC. EVALS.:  14
 CUMULATIVE NO. OF FUNC. EVALS.:      253
 NPARAMETR:  4.9564E+00  9.7402E+01  7.4492E+00  1.0526E+02  1.0287E-02 -1.6282E-01  1.4198E-02  1.5831E-02  1.7725E-03  4.5098E-02
             5.1986E-02  1.3810E+03  7.6151E-03
 PARAMETER:  9.1242E-02  1.0208E-01  9.6983E-02  9.1064E-02  1.5044E-01  9.6090E-02  9.9758E-02  3.0115E-02  8.6575E-02  1.0332E-01
             1.0761E-01  8.9615E-02  1.0562E-01
 GRADIENT:  -1.3036E-01  8.8872E-01  5.8039E-01 -1.7928E-01  1.8541E-02  3.0439E-01  2.4422E-01 -3.7126E-02  1.3317E-02  1.1677E-01
            -6.7779E-02 -3.5214E-02 -2.6967E-01

0ITERATION NO.:   17    OBJECTIVE VALUE:   10815.7448991968        NO. OF FUNC. EVALS.:  26
 CUMULATIVE NO. OF FUNC. EVALS.:      279
 NPARAMETR:  4.9564E+00  9.7402E+01  7.4492E+00  1.0526E+02  1.0287E-02 -1.6282E-01  1.4198E-02  1.5831E-02  1.7725E-03  4.5098E-02
             5.1986E-02  1.3810E+03  7.6151E-03
 PARAMETER:  9.1242E-02  1.0208E-01  9.6983E-02  9.1064E-02  1.5044E-01  9.6090E-02  9.9758E-02  3.0115E-02  8.6575E-02  1.0332E-01
             1.0761E-01  8.9615E-02  1.0562E-01
 GRADIENT:  -1.5081E+00 -2.9337E+00  3.3162E-01 -3.7968E-01 -9.1760E-02 -9.3489E-01  3.2755E-02 -1.1316E-01 -1.1402E-01  1.1677E-01
            -6.7779E-02 -8.0244E-02 -3.6797E-01

0ITERATION NO.:   18    OBJECTIVE VALUE:   10815.7426772775        NO. OF FUNC. EVALS.:  27
 CUMULATIVE NO. OF FUNC. EVALS.:      306
 NPARAMETR:  4.9610E+00  9.7495E+01  7.4481E+00  1.0522E+02  1.0290E-02 -1.6331E-01  1.4209E-02  1.5880E-02  1.7192E-03  4.5050E-02
             5.2002E-02  1.3805E+03  7.6199E-03
 PARAMETER:  9.2165E-02  1.0303E-01  9.6822E-02  9.0682E-02  1.5074E-01  9.5404E-02  1.0088E-01  3.1804E-02  8.5235E-02  1.0278E-01
             1.0777E-01  8.9437E-02  1.0593E-01
 GRADIENT:  -3.1292E-01 -6.1604E-01  6.6179E-02 -7.6628E-02 -1.8605E-02 -1.8264E-01  5.4335E-03 -2.1392E-02 -2.4417E-02  1.7464E-02
            -7.9829E-03 -1.5590E-02 -6.7469E-02

0ITERATION NO.:   19    OBJECTIVE VALUE:   10815.7425750242        NO. OF FUNC. EVALS.:  25
 CUMULATIVE NO. OF FUNC. EVALS.:      331
 NPARAMETR:  4.9622E+00  9.7523E+01  7.4478E+00  1.0522E+02  1.0291E-02 -1.6349E-01  1.4212E-02  1.5892E-02  1.7054E-03  4.5040E-02
             5.2004E-02  1.3804E+03  7.6210E-03
 PARAMETER:  9.2403E-02  1.0331E-01  9.6780E-02  9.0583E-02  1.5082E-01  9.5165E-02  1.0126E-01  3.2220E-02  8.4888E-02  1.0268E-01
             1.0779E-01  8.9399E-02  1.0601E-01
 GRADIENT:   1.2262E-03 -4.5215E-04 -2.9776E-04  2.7037E-04 -2.7661E-05  2.8822E-05 -2.5815E-04 -3.3615E-05  2.4820E-05 -1.5839E-04
            -5.7421E-04  5.4570E-08  3.2500E-05

0ITERATION NO.:   20    OBJECTIVE VALUE:   10815.7425750242        NO. OF FUNC. EVALS.:  22
 CUMULATIVE NO. OF FUNC. EVALS.:      353
 NPARAMETR:  4.9622E+00  9.7523E+01  7.4478E+00  1.0522E+02  1.0291E-02 -1.6349E-01  1.4212E-02  1.5892E-02  1.7054E-03  4.5040E-02
             5.2004E-02  1.3804E+03  7.6210E-03
 PARAMETER:  9.2403E-02  1.0331E-01  9.6780E-02  9.0583E-02  1.5082E-01  9.5165E-02  1.0126E-01  3.2220E-02  8.4888E-02  1.0268E-01
             1.0779E-01  8.9399E-02  1.0601E-01
 GRADIENT:   1.2262E-03 -4.5215E-04 -2.9776E-04  2.7037E-04 -2.7661E-05  2.8822E-05 -2.5815E-04 -3.3615E-05  2.4820E-05 -1.5839E-04
            -5.7421E-04  5.4570E-08  3.2500E-05

 #TERM:
0MINIMIZATION SUCCESSFUL
 NO. OF FUNCTION EVALUATIONS USED:      353
 NO. OF SIG. DIGITS IN FINAL EST.:  4.5

 ETABAR IS THE ARITHMETIC MEAN OF THE ETA-ESTIMATES,
 AND THE P-VALUE IS GIVEN FOR THE NULL HYPOTHESIS THAT THE TRUE MEAN IS 0.

 ETABAR:         2.1424E-03 -1.3172E-03
 SE:             1.9552E-02  2.2187E-02

 P VAL.:         9.1274E-01  9.5266E-01

 ETAshrink(%):   7.4097E+00  2.2171E+00
 EPSshrink(%):   8.4434E+00  8.4434E+00

 #TERE:
 Elapsed estimation time in seconds:     2.94
1
 
 
 
 
 
 
 
 
 
 
 
 
 
 
 
 
 
 
 
 
 ************************************************************************************************************************
 ********************                                                                                ********************
 ********************               FIRST ORDER CONDITIONAL ESTIMATION WITH INTERACTION              ********************
 #OBJT:**************                       MINIMUM VALUE OF OBJECTIVE FUNCTION                      ********************
 ********************                                                                                ********************
 ************************************************************************************************************************
 





 #OBJV:********************************************    10815.743       **************************************************
1
 ************************************************************************************************************************
 ********************                                                                                ********************
 ********************               FIRST ORDER CONDITIONAL ESTIMATION WITH INTERACTION              ********************
 ********************                             FINAL PARAMETER ESTIMATE                           ********************
 ********************                                                                                ********************
 ************************************************************************************************************************
 


 THETA - VECTOR OF FIXED EFFECTS PARAMETERS   *********


         TH 1      TH 2      TH 3      TH 4      TH 5      TH 6      TH 7      TH 8      TH 9     
 
         4.96E+00  9.75E+01  7.45E+00  1.05E+02  1.03E-02 -1.63E-01  1.42E-02  1.59E-02  1.71E-03
 


 OMEGA - COV MATRIX FOR RANDOM EFFECTS - ETAS  ********


            ETA1      ETA2   
 
 ETA1
+        4.50E-02
 
 ETA2
+        0.00E+00  5.20E-02
 


 SIGMA - COV MATRIX FOR RANDOM EFFECTS - EPSILONS  ****


            EPS1      EPS2   
 
 EPS1
+        1.38E+03
 
 EPS2
+        0.00E+00  7.62E-03
 
1


 OMEGA - CORR MATRIX FOR RANDOM EFFECTS - ETAS  *******


            ETA1      ETA2   
 
 ETA1
+        2.12E-01
 
 ETA2
+        0.00E+00  2.28E-01
 


 SIGMA - CORR MATRIX FOR RANDOM EFFECTS - EPSILONS  ***


            EPS1      EPS2   
 
 EPS1
+        3.72E+01
 
 EPS2
+        0.00E+00  8.73E-02
 
Stop Time:
Mon Jun  3 14:00:21 PDT 2013
